1 YEAR
------------------------
2023-09-25 - 2024-09-25
------------------------
{1: [[-389.3, -1.79, '2024-01-01', '2024-01-25']],
 2: [[245.2, 1.13, '2024-01-29', '2024-02-29']],
 3: [[-78.7, -0.35, '2024-03-04', '2024-03-28']],
 4: [[108.35, 0.48, '2024-04-01', '2024-04-25']],
 5: [[-154.75, -0.68, '2024-04-29', '2024-05-30']],
 6: [[780.6, 3.36, '2024-06-03', '2024-06-27']],
 7: [[264.15, 1.09, '2024-07-01', '2024-07-25']],
 8: [[315.85, 1.27, '2024-07-29', '2024-08-29']],
 9: [[725.45, 2.87, '2024-09-02', '2024-09-25']],
 10: [[-671.5, -3.44, '2023-10-03', '2023-10-26']],
 11: [[992.25, 5.18, '2023-10-30', '2023-11-30']],
 12: [[1091.9, 5.28, '2023-12-04', '2023-12-28']]}
Grand Average Points: (269.13,)
Grand Average Pct: 1.2
{1: [-389.3, -1.79],
 2: [245.2, 1.13],
 3: [-78.7, -0.35],
 4: [108.35, 0.48],
 5: [-154.75, -0.68],
 6: [780.6, 3.36],
 7: [264.15, 1.09],
 8: [315.85, 1.27],
 9: [725.45, 2.87],
 10: [-671.5, -3.44],
 11: [992.25, 5.18],
 12: [1091.9, 5.28]}


------------------------
2 YEARS
------------------------
2022-09-26 to 2024-09-25 
------------------------
{1: [[-305.5, -1.68, '2023-01-02', '2023-01-25'],
     [-389.3, -1.79, '2024-01-01', '2024-01-25']],
 2: [[-137.7, -0.78, '2023-01-30', '2023-02-23'],
     [245.2, 1.13, '2024-01-29', '2024-02-29']],
 3: [[-312.0, -1.79, '2023-02-27', '2023-03-29'],
     [-78.7, -0.35, '2024-03-04', '2024-03-28']],
 4: [[517.0, 2.97, '2023-04-03', '2023-04-27'],
     [108.35, 0.48, '2024-04-01', '2024-04-25']],
 5: [[173.5, 0.96, '2023-05-02', '2023-05-25'],
     [-154.75, -0.68, '2024-04-29', '2024-05-30']],
 6: [[373.45, 2.01, '2023-05-29', '2023-06-28'],
     [780.6, 3.36, '2024-06-03', '2024-06-27']],
 7: [[337.35, 1.75, '2023-07-03', '2023-07-27'],
     [264.15, 1.09, '2024-07-01', '2024-07-25']],
 8: [[-500.0, -2.53, '2023-07-31', '2023-08-31'],
     [315.85, 1.27, '2024-07-29', '2024-08-29']],
 9: [[-5.25, -0.03, '2023-09-04', '2023-09-28'],
     [725.45, 2.87, '2024-09-02', '2024-09-25']],
 10: [[849.6, 5.03, '2022-10-03', '2022-10-27'],
      [-671.5, -3.44, '2023-10-03', '2023-10-26']],
 11: [[471.9, 2.62, '2022-10-31', '2022-11-24'],
      [992.25, 5.18, '2023-10-30', '2023-11-30']],
 12: [[-371.75, -2.0, '2022-11-28', '2022-12-29'],
      [1091.9, 5.28, '2023-12-04', '2023-12-28']]}

Grand Average Points: (180.0,)
Grand Average Pct: 0.87
{1: [-347.4, -1.73],
 2: [53.75, 0.17],
 3: [-195.35, -1.07],
 4: [312.68, 1.73],
 5: [9.38, 0.14],
 6: [577.02, 2.68],
 7: [300.75, 1.42],
 8: [-92.07, -0.63],
 9: [360.1, 1.42],
 10: [89.05, 0.8],
 11: [732.08, 3.9],
 12: [360.08, 1.64]}

------------------------
5 YEARS
------------------------
2019-09-25 to 2024-09-25
------------------------
{1: [[-220.05, -1.8, '2019-12-30', '2020-01-30'],
     [-315.35, -2.23, '2021-01-04', '2021-01-28'],
     [-515.55, -2.92, '2022-01-03', '2022-01-27'],
     [-305.5, -1.68, '2023-01-02', '2023-01-25'],
     [-389.3, -1.79, '2024-01-01', '2024-01-25']],
 2: [[-74.6, -0.64, '2020-02-03', '2020-02-27'],
     [816.15, 5.71, '2021-02-01', '2021-02-25'],
     [-1091.9, -6.3, '2022-01-31', '2022-02-24'],
     [-137.7, -0.78, '2023-01-30', '2023-02-23'],
     [245.2, 1.13, '2024-01-29', '2024-02-29']],
 3: [[-2491.3, -22.38, '2020-03-02', '2020-03-26'],
     [-436.65, -2.96, '2021-03-01', '2021-03-25'],
     [670.85, 3.99, '2022-02-28', '2022-03-31'],
     [-312.0, -1.79, '2023-02-27', '2023-03-29'],
     [-78.7, -0.35, '2024-03-04', '2024-03-28']],
 4: [[1578.8, 19.07, '2020-03-30', '2020-04-30'],
     [49.8, 0.34, '2021-03-30', '2021-04-29'],
     [-808.35, -4.48, '2022-04-04', '2022-04-28'],
     [517.0, 2.97, '2023-04-03', '2023-04-27'],
     [108.35, 0.48, '2024-04-01', '2024-04-25']],
 5: [[196.6, 2.12, '2020-05-04', '2020-05-28'],
     [703.7, 4.81, '2021-05-03', '2021-05-27'],
     [-898.95, -5.27, '2022-05-02', '2022-05-26'],
     [173.5, 0.96, '2023-05-02', '2023-05-25'],
     [-154.75, -0.68, '2024-04-29', '2024-05-30']],
 6: [[462.75, 4.71, '2020-06-01', '2020-06-25'],
     [207.65, 1.33, '2021-05-31', '2021-06-24'],
     [-881.15, -5.29, '2022-05-30', '2022-06-30'],
     [373.45, 2.01, '2023-05-29', '2023-06-28'],
     [780.6, 3.36, '2024-06-03', '2024-06-27']],
 7: [[789.75, 7.66, '2020-06-29', '2020-07-30'],
     [-36.25, -0.23, '2021-06-28', '2021-07-29'],
     [1094.25, 6.91, '2022-07-04', '2022-07-28'],
     [337.35, 1.75, '2023-07-03', '2023-07-27'],
     [264.15, 1.09, '2024-07-01', '2024-07-25']],
 8: [[667.65, 6.13, '2020-08-03', '2020-08-27'],
     [751.75, 4.73, '2021-08-02', '2021-08-26'],
     [182.4, 1.05, '2022-08-01', '2022-08-25'],
     [-500.0, -2.53, '2023-07-31', '2023-08-31'],
     [315.85, 1.27, '2024-07-29', '2024-08-29']],
 9: [[-581.95, -5.11, '2020-08-31', '2020-09-24'],
     [687.1, 4.06, '2021-08-30', '2021-09-30'],
     [-494.8, -2.86, '2022-08-29', '2022-09-29'],
     [-5.25, -0.03, '2023-09-04', '2023-09-28'],
     [725.45, 2.87, '2024-09-02', '2024-09-25']],
 10: [[403.0, 3.51, '2019-09-30', '2019-10-31'],
      [443.25, 3.95, '2020-09-28', '2020-10-29'],
      [166.0, 0.94, '2021-10-04', '2021-10-28'],
      [849.6, 5.03, '2022-10-03', '2022-10-27'],
      [-671.5, -3.44, '2023-10-03', '2023-10-26']],
 11: [[209.85, 1.76, '2019-11-04', '2019-11-28'],
      [1317.85, 11.29, '2020-11-02', '2020-11-26'],
      [-393.4, -2.19, '2021-11-01', '2021-11-25'],
      [471.9, 2.62, '2022-10-31', '2022-11-24'],
      [992.25, 5.18, '2023-10-30', '2023-11-30']],
 12: [[78.35, 0.65, '2019-12-02', '2019-12-26'],
      [872.7, 6.66, '2020-12-01', '2020-12-31'],
      [150.0, 0.88, '2021-11-29', '2021-12-30'],
      [-371.75, -2.0, '2022-11-28', '2022-12-29'],
      [1091.9, 5.28, '2023-12-04', '2023-12-28']]}

Grand Average Points: (126.33,)
Grand Average Pct: 0.98
{1: [-349.15, -2.08],
 2: [-48.57, -0.18],
 3: [-529.56, -4.7],
 4: [289.12, 3.68],
 5: [4.02, 0.39],
 6: [188.66, 1.22],
 7: [489.85, 3.44],
 8: [283.53, 2.13],
 9: [66.11, -0.21],
 10: [238.07, 2.0],
 11: [519.69, 3.73],
 12: [364.24, 2.29]}


------------------------
10 YEARS
------------------------
2014-09-25 to 2024-09-25
------------------------

{1: [[706.05, 8.56, '2014-12-29', '2015-01-29'],
     [-366.65, -4.71, '2016-01-04', '2016-01-28'],
     [423.25, 5.17, '2017-01-02', '2017-01-25'],
     [627.45, 6.01, '2018-01-02', '2018-01-25'],
     [-31.6, -0.29, '2018-12-31', '2019-01-31'],
     [-220.05, -1.8, '2019-12-30', '2020-01-30'],
     [-315.35, -2.23, '2021-01-04', '2021-01-28'],
     [-515.55, -2.92, '2022-01-03', '2022-01-27'],
     [-305.5, -1.68, '2023-01-02', '2023-01-25'],
     [-389.3, -1.79, '2024-01-01', '2024-01-25']],
 2: [[-113.55, -1.29, '2015-02-02', '2015-02-26'],
     [-585.35, -7.75, '2016-02-01', '2016-02-25'],
     [306.75, 3.55, '2017-01-30', '2017-02-23'],
     [-747.7, -6.72, '2018-01-29', '2018-02-22'],
     [-119.75, -1.1, '2019-02-04', '2019-02-28'],
     [-74.6, -0.64, '2020-02-03', '2020-02-27'],
     [816.15, 5.71, '2021-02-01', '2021-02-25'],
     [-1091.9, -6.3, '2022-01-31', '2022-02-24'],
     [-137.7, -0.78, '2023-01-30', '2023-02-23'],
     [245.2, 1.13, '2024-01-29', '2024-02-29']],
 3: [[-614.6, -6.86, '2015-03-02', '2015-03-26'],
     [751.35, 10.75, '2016-02-29', '2016-03-31'],
     [277.05, 3.11, '2017-02-27', '2017-03-30'],
     [-468.9, -4.43, '2018-02-26', '2018-03-28'],
     [582.55, 5.3, '2019-03-05', '2019-03-28'],
     [-2491.3, -22.38, '2020-03-02', '2020-03-26'],
     [-436.65, -2.96, '2021-03-01', '2021-03-25'],
     [670.85, 3.99, '2022-02-28', '2022-03-31'],
     [-312.0, -1.79, '2023-02-27', '2023-03-29'],
     [-78.7, -0.35, '2024-03-04', '2024-03-28']],
 4: [[-310.8, -3.66, '2015-03-30', '2015-04-30'],
     [88.45, 1.14, '2016-04-04', '2016-04-28'],
     [104.3, 1.13, '2017-04-03', '2017-04-27'],
     [406.0, 3.98, '2018-04-02', '2018-04-26'],
     [-27.35, -0.23, '2019-04-01', '2019-04-25'],
     [1578.8, 19.07, '2020-03-30', '2020-04-30'],
     [49.8, 0.34, '2021-03-30', '2021-04-29'],
     [-808.35, -4.48, '2022-04-04', '2022-04-28'],
     [517.0, 2.97, '2023-04-03', '2023-04-27'],
     [108.35, 0.48, '2024-04-01', '2024-04-25']],
 5: [[-12.95, -0.16, '2015-05-04', '2015-05-28'],
     [263.75, 3.38, '2016-05-02', '2016-05-26'],
     [195.95, 2.1, '2017-05-02', '2017-05-25'],
     [-3.2, -0.03, '2018-04-30', '2018-05-31'],
     [197.75, 1.68, '2019-04-30', '2019-05-30'],
     [196.6, 2.12, '2020-05-04', '2020-05-28'],
     [703.7, 4.81, '2021-05-03', '2021-05-27'],
     [-898.95, -5.27, '2022-05-02', '2022-05-26'],
     [173.5, 0.96, '2023-05-02', '2023-05-25'],
     [-154.75, -0.68, '2024-04-29', '2024-05-30']],
 6: [[-35.4, -0.42, '2015-06-01', '2015-06-25'],
     [109.25, 1.34, '2016-05-30', '2016-06-30'],
     [-100.8, -1.05, '2017-05-29', '2017-06-29'],
     [-39.4, -0.37, '2018-06-04', '2018-06-28'],
     [-247.0, -2.04, '2019-06-03', '2019-06-27'],
     [462.75, 4.71, '2020-06-01', '2020-06-25'],
     [207.65, 1.33, '2021-05-31', '2021-06-24'],
     [-881.15, -5.29, '2022-05-30', '2022-06-30'],
     [373.45, 2.01, '2023-05-29', '2023-06-28'],
     [780.6, 3.36, '2024-06-03', '2024-06-27']],
 7: [[103.4, 1.24, '2015-06-29', '2015-07-30'],
     [295.6, 3.53, '2016-07-04', '2016-07-28'],
     [405.55, 4.22, '2017-07-03', '2017-07-27'],
     [510.0, 4.79, '2018-07-02', '2018-07-26'],
     [-613.45, -5.17, '2019-07-01', '2019-07-25'],
     [789.75, 7.66, '2020-06-29', '2020-07-30'],
     [-36.25, -0.23, '2021-06-28', '2021-07-29'],
     [1094.25, 6.91, '2022-07-04', '2022-07-28'],
     [337.35, 1.75, '2023-07-03', '2023-07-27'],
     [264.15, 1.09, '2024-07-01', '2024-07-25']],
 8: [[-594.1, -6.95, '2015-08-03', '2015-08-27'],
     [-44.35, -0.51, '2016-08-01', '2016-08-25'],
     [-159.2, -1.58, '2017-07-31', '2017-08-31'],
     [357.25, 3.16, '2018-07-30', '2018-08-30'],
     [-240.9, -2.15, '2019-07-29', '2019-08-29'],
     [667.65, 6.13, '2020-08-03', '2020-08-27'],
     [751.75, 4.73, '2021-08-02', '2021-08-26'],
     [182.4, 1.05, '2022-08-01', '2022-08-25'],
     [-500.0, -2.53, '2023-07-31', '2023-08-31'],
     [315.85, 1.27, '2024-07-29', '2024-08-29']],
 9: [[-102.8, -1.29, '2015-08-31', '2015-09-24'],
     [-16.2, -0.19, '2016-08-29', '2016-09-29'],
     [-143.9, -1.45, '2017-09-04', '2017-09-28'],
     [-604.8, -5.22, '2018-09-03', '2018-09-27'],
     [773.3, 7.16, '2019-09-03', '2019-09-26'],
     [-581.95, -5.11, '2020-08-31', '2020-09-24'],
     [687.1, 4.06, '2021-08-30', '2021-09-30'],
     [-494.8, -2.86, '2022-08-29', '2022-09-29'],
     [-5.25, -0.03, '2023-09-04', '2023-09-28'],
     [725.45, 2.87, '2024-09-02', '2024-09-25']],
 10: [[210.3, 2.64, '2014-09-29', '2014-10-30'],
      [316.05, 4.05, '2015-09-28', '2015-10-29'],
      [-122.85, -1.41, '2016-10-03', '2016-10-27'],
      [484.3, 4.91, '2017-10-03', '2017-10-26'],
      [-883.4, -8.02, '2018-10-01', '2018-10-25'],
      [403.0, 3.51, '2019-09-30', '2019-10-31'],
      [443.25, 3.95, '2020-09-28', '2020-10-29'],
      [166.0, 0.94, '2021-10-04', '2021-10-28'],
      [849.6, 5.03, '2022-10-03', '2022-10-27'],
      [-671.5, -3.44, '2023-10-03', '2023-10-26']],
 11: [[170.05, 2.04, '2014-11-03', '2014-11-27'],
      [-167.0, -2.07, '2015-11-02', '2015-11-26'],
      [-660.75, -7.66, '2016-11-01', '2016-11-24'],
      [-137.1, -1.32, '2017-10-30', '2017-11-30'],
      [607.85, 5.93, '2018-10-29', '2018-11-29'],
      [209.85, 1.76, '2019-11-04', '2019-11-28'],
      [1317.85, 11.29, '2020-11-02', '2020-11-26'],
      [-393.4, -2.19, '2021-11-01', '2021-11-25'],
      [471.9, 2.62, '2022-10-31', '2022-11-24'],
      [992.25, 5.18, '2023-10-30', '2023-11-30']],
 12: [[-381.8, -4.46, '2014-12-01', '2014-12-24'],
      [11.1, 0.14, '2015-11-30', '2015-12-31'],
      [-23.3, -0.29, '2016-11-28', '2016-12-29'],
      [350.15, 3.46, '2017-12-04', '2017-12-28'],
      [-103.95, -0.96, '2018-12-03', '2018-12-27'],
      [78.35, 0.65, '2019-12-02', '2019-12-26'],
      [872.7, 6.66, '2020-12-01', '2020-12-31'],
      [150.0, 0.88, '2021-11-29', '2021-12-30'],
      [-371.75, -2.0, '2022-11-28', '2022-12-29'],
      [1091.9, 5.28, '2023-12-04', '2023-12-28']]}

Grand Average Points: (69.92,)
Grand Average Pct: 0.59
{1: [-38.72, 0.43],
 2: [-150.24, -1.42],
 3: [-212.03, -1.56],
 4: [170.62, 2.07],
 5: [66.14, 0.89],
 6: [63.0, 0.36],
 7: [315.03, 2.58],
 8: [73.63, 0.26],
 9: [23.62, -0.21],
 10: [119.47, 1.22],
 11: [241.15, 1.56],
 12: [167.34, 0.94]}



------------------------
17 YEARS
------------------------
2007-09-17 to 2024-09-25
------------------------

{1: [[-1001.15, -16.31, '2007-12-31', '2008-01-31'],
     [-98.25, -3.36, '2008-12-29', '2009-01-29'],
     [-364.95, -6.98, '2010-01-04', '2010-01-28'],
     [-553.3, -8.99, '2011-01-03', '2011-01-27'],
     [393.0, 8.25, '2012-01-03', '2012-01-25'],
     [129.65, 2.2, '2012-12-31', '2013-01-31'],
     [-217.4, -3.46, '2013-12-30', '2014-01-30'],
     [706.05, 8.56, '2014-12-29', '2015-01-29'],
     [-366.65, -4.71, '2016-01-04', '2016-01-28'],
     [423.25, 5.17, '2017-01-02', '2017-01-25'],
     [627.45, 6.01, '2018-01-02', '2018-01-25'],
     [-31.6, -0.29, '2018-12-31', '2019-01-31'],
     [-220.05, -1.8, '2019-12-30', '2020-01-30'],
     [-315.35, -2.23, '2021-01-04', '2021-01-28'],
     [-515.55, -2.92, '2022-01-03', '2022-01-27'],
     [-305.5, -1.68, '2023-01-02', '2023-01-25'],
     [-389.3, -1.79, '2024-01-01', '2024-01-25']],
 2: [[-178.4, -3.27, '2008-02-04', '2008-02-28'],
     [19.0, 0.69, '2009-02-02', '2009-02-26'],
     [-39.95, -0.82, '2010-02-01', '2010-02-25'],
     [-243.2, -4.42, '2011-01-31', '2011-02-24'],
     [396.0, 7.78, '2012-01-30', '2012-02-23'],
     [-294.2, -4.91, '2013-02-04', '2013-02-28'],
     [237.0, 3.95, '2014-02-03', '2014-02-26'],
     [-113.55, -1.29, '2015-02-02', '2015-02-26'],
     [-585.35, -7.75, '2016-02-01', '2016-02-25'],
     [306.75, 3.55, '2017-01-30', '2017-02-23'],
     [-747.7, -6.72, '2018-01-29', '2018-02-22'],
     [-119.75, -1.1, '2019-02-04', '2019-02-28'],
     [-74.6, -0.64, '2020-02-03', '2020-02-27'],
     [816.15, 5.71, '2021-02-01', '2021-02-25'],
     [-1091.9, -6.3, '2022-01-31', '2022-02-24'],
     [-137.7, -0.78, '2023-01-30', '2023-02-23'],
     [245.2, 1.13, '2024-01-29', '2024-02-29']],
 3: [[-122.75, -2.48, '2008-03-03', '2008-03-27'],
     [407.65, 15.24, '2009-03-02', '2009-03-26'],
     [243.4, 4.85, '2010-03-02', '2010-03-25'],
     [500.5, 9.38, '2011-02-28', '2011-03-31'],
     [-102.35, -1.94, '2012-02-27', '2012-03-29'],
     [-15.95, -0.28, '2013-03-04', '2013-03-28'],
     [420.3, 6.76, '2014-03-03', '2014-03-27'],
     [-614.6, -6.86, '2015-03-02', '2015-03-26'],
     [751.35, 10.75, '2016-02-29', '2016-03-31'],
     [277.05, 3.11, '2017-02-27', '2017-03-30'],
     [-468.9, -4.43, '2018-02-26', '2018-03-28'],
     [582.55, 5.3, '2019-03-05', '2019-03-28'],
     [-2491.3, -22.38, '2020-03-02', '2020-03-26'],
     [-436.65, -2.96, '2021-03-01', '2021-03-25'],
     [670.85, 3.99, '2022-02-28', '2022-03-31'],
     [-312.0, -1.79, '2023-02-27', '2023-03-29'],
     [-78.7, -0.35, '2024-03-04', '2024-03-28']],
 4: [[265.35, 5.6, '2008-03-31', '2008-04-24'],
     [495.8, 16.65, '2009-03-30', '2009-04-29'],
     [-48.7, -0.92, '2010-03-29', '2010-04-29'],
     [-123.0, -2.08, '2011-04-04', '2011-04-28'],
     [-128.9, -2.42, '2012-04-02', '2012-04-26'],
     [211.9, 3.71, '2013-04-01', '2013-04-25'],
     [136.6, 2.04, '2014-03-31', '2014-04-23'],
     [-310.8, -3.66, '2015-03-30', '2015-04-30'],
     [88.45, 1.14, '2016-04-04', '2016-04-28'],
     [104.3, 1.13, '2017-04-03', '2017-04-27'],
     [406.0, 3.98, '2018-04-02', '2018-04-26'],
     [-27.35, -0.23, '2019-04-01', '2019-04-25'],
     [1578.8, 19.07, '2020-03-30', '2020-04-30'],
     [49.8, 0.34, '2021-03-30', '2021-04-29'],
     [-808.35, -4.48, '2022-04-04', '2022-04-28'],
     [517.0, 2.97, '2023-04-03', '2023-04-27'],
     [108.35, 0.48, '2024-04-01', '2024-04-25']],
 5: [[-254.35, -5.0, '2008-04-28', '2008-05-29'],
     [683.1, 18.69, '2009-05-04', '2009-05-28'],
     [-219.65, -4.21, '2010-05-03', '2010-05-27'],
     [-288.95, -5.07, '2011-05-02', '2011-05-26'],
     [-323.9, -6.17, '2012-04-30', '2012-05-31'],
     [219.95, 3.73, '2013-04-29', '2013-05-30'],
     [474.4, 7.02, '2014-04-28', '2014-05-29'],
     [-12.95, -0.16, '2015-05-04', '2015-05-28'],
     [263.75, 3.38, '2016-05-02', '2016-05-26'],
     [195.95, 2.1, '2017-05-02', '2017-05-25'],
     [-3.2, -0.03, '2018-04-30', '2018-05-31'],
     [197.75, 1.68, '2019-04-30', '2019-05-30'],
     [196.6, 2.12, '2020-05-04', '2020-05-28'],
     [703.7, 4.81, '2021-05-03', '2021-05-27'],
     [-898.95, -5.27, '2022-05-02', '2022-05-26'],
     [173.5, 0.96, '2023-05-02', '2023-05-25'],
     [-154.75, -0.68, '2024-04-29', '2024-05-30']],
 6: [[-423.75, -8.94, '2008-06-02', '2008-06-26'],
     [-288.05, -6.36, '2009-06-01', '2009-06-25'],
     [234.3, 4.61, '2010-05-31', '2010-06-24'],
     [174.3, 3.18, '2011-05-30', '2011-06-30'],
     [301.0, 6.21, '2012-06-04', '2012-06-28'],
     [-256.95, -4.33, '2013-06-03', '2013-06-27'],
     [130.7, 1.78, '2014-06-02', '2014-06-26'],
     [-35.4, -0.42, '2015-06-01', '2015-06-25'],
     [109.25, 1.34, '2016-05-30', '2016-06-30'],
     [-100.8, -1.05, '2017-05-29', '2017-06-29'],
     [-39.4, -0.37, '2018-06-04', '2018-06-28'],
     [-247.0, -2.04, '2019-06-03', '2019-06-27'],
     [462.75, 4.71, '2020-06-01', '2020-06-25'],
     [207.65, 1.33, '2021-05-31', '2021-06-24'],
     [-881.15, -5.29, '2022-05-30', '2022-06-30'],
     [373.45, 2.01, '2023-05-29', '2023-06-28'],
     [780.6, 3.36, '2024-06-03', '2024-06-27']],
 7: [[292.4, 7.24, '2008-06-30', '2008-07-31'],
     [180.5, 4.11, '2009-06-29', '2009-07-30'],
     [75.4, 1.41, '2010-06-28', '2010-07-29'],
     [-162.75, -2.88, '2011-07-04', '2011-07-28'],
     [-235.6, -4.46, '2012-07-02', '2012-07-26'],
     [8.65, 0.15, '2013-07-01', '2013-07-25'],
     [109.95, 1.44, '2014-06-30', '2014-07-31'],
     [103.4, 1.24, '2015-06-29', '2015-07-30'],
     [295.6, 3.53, '2016-07-04', '2016-07-28'],
     [405.55, 4.22, '2017-07-03', '2017-07-27'],
     [510.0, 4.79, '2018-07-02', '2018-07-26'],
     [-613.45, -5.17, '2019-07-01', '2019-07-25'],
     [789.75, 7.66, '2020-06-29', '2020-07-30'],
     [-36.25, -0.23, '2021-06-28', '2021-07-29'],
     [1094.25, 6.91, '2022-07-04', '2022-07-28'],
     [337.35, 1.75, '2023-07-03', '2023-07-27'],
     [264.15, 1.09, '2024-07-01', '2024-07-25']],
 8: [[-181.35, -4.13, '2008-08-04', '2008-08-28'],
     [-23.2, -0.49, '2009-08-03', '2009-08-27'],
     [46.25, 0.85, '2010-08-02', '2010-08-26'],
     [-677.2, -12.28, '2011-08-01', '2011-08-25'],
     [115.25, 2.22, '2012-07-30', '2012-08-30'],
     [-422.6, -7.25, '2013-07-29', '2013-08-29'],
     [270.7, 3.52, '2014-08-04', '2014-08-28'],
     [-594.1, -6.95, '2015-08-03', '2015-08-27'],
     [-44.35, -0.51, '2016-08-01', '2016-08-25'],
     [-159.2, -1.58, '2017-07-31', '2017-08-31'],
     [357.25, 3.16, '2018-07-30', '2018-08-30'],
     [-240.9, -2.15, '2019-07-29', '2019-08-29'],
     [667.65, 6.13, '2020-08-03', '2020-08-27'],
     [751.75, 4.73, '2021-08-02', '2021-08-26'],
     [182.4, 1.05, '2022-08-01', '2022-08-25'],
     [-500.0, -2.53, '2023-07-31', '2023-08-31'],
     [315.85, 1.27, '2024-07-29', '2024-08-29']],
 9: [[-238.1, -5.48, '2008-09-01', '2008-09-25'],
     [324.45, 6.96, '2009-08-31', '2009-09-24'],
     [614.5, 11.35, '2010-08-30', '2010-09-30'],
     [95.85, 1.95, '2011-08-29', '2011-09-29'],
     [395.75, 7.53, '2012-09-03', '2012-09-27'],
     [331.5, 5.97, '2013-09-02', '2013-09-26'],
     [-115.85, -1.44, '2014-09-01', '2014-09-25'],
     [-102.8, -1.29, '2015-08-31', '2015-09-24'],
     [-16.2, -0.19, '2016-08-29', '2016-09-29'],
     [-143.9, -1.45, '2017-09-04', '2017-09-28'],
     [-604.8, -5.22, '2018-09-03', '2018-09-27'],
     [773.3, 7.16, '2019-09-03', '2019-09-26'],
     [-581.95, -5.11, '2020-08-31', '2020-09-24'],
     [687.1, 4.06, '2021-08-30', '2021-09-30'],
     [-494.8, -2.86, '2022-08-29', '2022-09-29'],
     [-5.25, -0.03, '2023-09-04', '2023-09-28'],
     [725.45, 2.87, '2024-09-02', '2024-09-25']],
 10: [[500.0, 9.86, '2007-10-01', '2007-10-25'],
      [-1153.0, -29.95, '2008-09-29', '2008-10-29'],
      [-256.3, -5.12, '2009-09-29', '2009-10-29'],
      [-171.75, -2.79, '2010-10-04', '2010-10-28'],
      [342.1, 7.05, '2011-10-03', '2011-10-25'],
      [-13.5, -0.24, '2012-10-01', '2012-10-25'],
      [563.85, 9.83, '2013-09-30', '2013-10-31'],
      [210.3, 2.64, '2014-09-29', '2014-10-30'],
      [316.05, 4.05, '2015-09-28', '2015-10-29'],
      [-122.85, -1.41, '2016-10-03', '2016-10-27'],
      [484.3, 4.91, '2017-10-03', '2017-10-26'],
      [-883.4, -8.02, '2018-10-01', '2018-10-25'],
      [403.0, 3.51, '2019-09-30', '2019-10-31'],
      [443.25, 3.95, '2020-09-28', '2020-10-29'],
      [166.0, 0.94, '2021-10-04', '2021-10-28'],
      [849.6, 5.03, '2022-10-03', '2022-10-27'],
      [-671.5, -3.44, '2023-10-03', '2023-10-26']],
 11: [[-271.3, -4.59, '2007-10-29', '2007-11-29'],
      [-291.6, -9.58, '2008-11-03', '2008-11-26'],
      [441.65, 9.68, '2009-11-03', '2009-11-26'],
      [-317.8, -5.19, '2010-11-01', '2010-11-25'],
      [-620.15, -11.64, '2011-10-31', '2011-11-23'],
      [159.4, 2.81, '2012-10-29', '2012-11-29'],
      [-161.3, -2.58, '2013-11-05', '2013-11-28'],
      [170.05, 2.04, '2014-11-03', '2014-11-27'],
      [-167.0, -2.07, '2015-11-02', '2015-11-26'],
      [-660.75, -7.66, '2016-11-01', '2016-11-24'],
      [-137.1, -1.32, '2017-10-30', '2017-11-30'],
      [607.85, 5.93, '2018-10-29', '2018-11-29'],
      [209.85, 1.76, '2019-11-04', '2019-11-28'],
      [1317.85, 11.29, '2020-11-02', '2020-11-26'],
      [-393.4, -2.19, '2021-11-01', '2021-11-25'],
      [471.9, 2.62, '2022-10-31', '2022-11-24'],
      [992.25, 5.18, '2023-10-30', '2023-11-30']],
 12: [[216.5, 3.69, '2007-12-03', '2007-12-27'],
      [233.95, 8.72, '2008-12-01', '2008-12-24'],
      [168.35, 3.35, '2009-11-30', '2009-12-31'],
      [271.85, 4.66, '2010-11-29', '2010-12-30'],
      [-205.05, -4.23, '2011-11-28', '2011-12-29'],
      [-0.85, -0.01, '2012-12-03', '2012-12-27'],
      [61.05, 0.98, '2013-12-02', '2013-12-26'],
      [-381.8, -4.46, '2014-12-01', '2014-12-24'],
      [11.1, 0.14, '2015-11-30', '2015-12-31'],
      [-23.3, -0.29, '2016-11-28', '2016-12-29'],
      [350.15, 3.46, '2017-12-04', '2017-12-28'],
      [-103.95, -0.96, '2018-12-03', '2018-12-27'],
      [78.35, 0.65, '2019-12-02', '2019-12-26'],
      [872.7, 6.66, '2020-12-01', '2020-12-31'],
      [150.0, 0.88, '2021-11-29', '2021-12-30'],
      [-371.75, -2.0, '2022-11-28', '2022-12-29'],
      [1091.9, 5.28, '2023-12-04', '2023-12-28']]}
Grand Average Points: (44.98,)
Grand Average Pct: 0.5
{1: [-123.51, -1.43],
 2: [-94.48, -0.89],
 3: [-46.44, 0.94],
 4: [147.96, 2.55],
 5: [56.0, 1.05],
 6: [29.5, -0.02],
 7: [201.11, 1.93],
 8: [-7.99, -0.88],
 9: [96.72, 1.46],
 10: [59.19, 0.05],
 11: [79.44, -0.32],
 12: [142.31, 1.56]}

Process finished with exit code 0
